<?xml version="1.0" encoding="UTF-8" ?>
<testsuite tests="3" failures="0" name="com.pratz.email.service.MailServiceTest" time="0.851" errors="1" skipped="0">
  <properties>
[...]
</properties>
  <testcase classname="com.pratz.email.service.MailServiceTest" name="test1" time="0.831">
    <error message="Failed messages: javax.mail.MessagingException: IOException while sending message;
  nested exception is:
	java.io.IOException: javax.mail.MessagingException: Empty multipart: multipart/related; 
	boundary=&quot;----=_Part_1_1497845528.1424486383311&quot;" type="org.springframework.mail.MailSendException">org.springframework.mail.MailSendException: Failed messages: javax.mail.MessagingException: IOException while sending message;
  nested exception is:
	java.io.IOException: javax.mail.MessagingException: Empty multipart: multipart/related; 
	boundary=&quot;----=_Part_1_1497845528.1424486383311&quot;; message exception details (1) are:
Failed message 1:
javax.mail.MessagingException: IOException while sending message;
  nested exception is:
	java.io.IOException: javax.mail.MessagingException: Empty multipart: multipart/related; 
	boundary=&quot;----=_Part_1_1497845528.1424486383311&quot;
	at com.sun.mail.smtp.SMTPTransport.sendMessage(SMTPTransport.java:1167)
	at org.springframework.mail.javamail.JavaMailSenderImpl.doSend(JavaMailSenderImpl.java:416)
	at org.springframework.mail.javamail.JavaMailSenderImpl.send(JavaMailSenderImpl.java:340)
	at org.springframework.mail.javamail.JavaMailSenderImpl.send(JavaMailSenderImpl.java:336)
	at com.pratz.email.service.MailService.sendMail(MailService.java:67)
	at com.pratz.email.service.MailServiceTest.test1(MailServiceTest.java:44)
	at sun.reflect.NativeMethodAccessorImpl.invoke0(Native Method)
	at sun.reflect.NativeMethodAccessorImpl.invoke(NativeMethodAccessorImpl.java:62)
	at sun.reflect.DelegatingMethodAccessorImpl.invoke(DelegatingMethodAccessorImpl.java:43)
	at java.lang.reflect.Method.invoke(Method.java:483)
	at org.junit.runners.model.FrameworkMethod$1.runReflectiveCall(FrameworkMethod.java:47)
	at org.junit.internal.runners.model.ReflectiveCallable.run(ReflectiveCallable.java:12)
	at org.junit.runners.model.FrameworkMethod.invokeExplosively(FrameworkMethod.java:44)
	at org.junit.internal.runners.statements.InvokeMethod.evaluate(InvokeMethod.java:17)
	at org.junit.internal.runners.statements.RunBefores.evaluate(RunBefores.java:26)
	at org.springframework.test.context.junit4.statements.RunBeforeTestMethodCallbacks.evaluate(RunBeforeTestMethodCallbacks.java:74)
	at org.junit.internal.runners.statements.RunAfters.evaluate(RunAfters.java:27)
	at org.springframework.test.context.junit4.statements.RunAfterTestMethodCallbacks.evaluate(RunAfterTestMethodCallbacks.java:83)
	at org.springframework.test.context.junit4.statements.SpringRepeat.evaluate(SpringRepeat.java:72)
	at org.springframework.test.context.junit4.SpringJUnit4ClassRunner.runChild(SpringJUnit4ClassRunner.java:231)
	at org.junit.runners.BlockJUnit4ClassRunner.runChild(BlockJUnit4ClassRunner.java:50)
	at org.junit.runners.ParentRunner$3.run(ParentRunner.java:238)
	at org.junit.runners.ParentRunner$1.schedule(ParentRunner.java:63)
	at org.junit.runners.ParentRunner.runChildren(ParentRunner.java:236)
	at org.junit.runners.ParentRunner.access$000(ParentRunner.java:53)
	at org.junit.runners.ParentRunner$2.evaluate(ParentRunner.java:229)
	at org.junit.internal.runners.statements.RunBefores.evaluate(RunBefores.java:26)
	at org.springframework.test.context.junit4.statements.RunBeforeTestClassCallbacks.evaluate(RunBeforeTestClassCallbacks.java:61)
	at org.springframework.test.context.junit4.statements.RunAfterTestClassCallbacks.evaluate(RunAfterTestClassCallbacks.java:71)
	at org.junit.runners.ParentRunner.run(ParentRunner.java:309)
	at org.springframework.test.context.junit4.SpringJUnit4ClassRunner.run(SpringJUnit4ClassRunner.java:174)
	at org.apache.maven.surefire.junit4.JUnit4Provider.execute(JUnit4Provider.java:252)
	at org.apache.maven.surefire.junit4.JUnit4Provider.executeTestSet(JUnit4Provider.java:141)
	at org.apache.maven.surefire.junit4.JUnit4Provider.invoke(JUnit4Provider.java:112)
	at sun.reflect.NativeMethodAccessorImpl.invoke0(Native Method)
	at sun.reflect.NativeMethodAccessorImpl.invoke(NativeMethodAccessorImpl.java:62)
	at sun.reflect.DelegatingMethodAccessorImpl.invoke(DelegatingMethodAccessorImpl.java:43)
	at java.lang.reflect.Method.invoke(Method.java:483)
	at org.apache.maven.surefire.util.ReflectionUtils.invokeMethodWithArray(ReflectionUtils.java:189)
	at org.apache.maven.surefire.booter.ProviderFactory$ProviderProxy.invoke(ProviderFactory.java:165)
	at org.apache.maven.surefire.booter.ProviderFactory.invokeProvider(ProviderFactory.java:85)
	at org.apache.maven.surefire.booter.ForkedBooter.runSuitesInProcess(ForkedBooter.java:115)
	at org.apache.maven.surefire.booter.ForkedBooter.main(ForkedBooter.java:75)
Caused by: java.io.IOException: javax.mail.MessagingException: Empty multipart: multipart/related; 
	boundary=&quot;----=_Part_1_1497845528.1424486383311&quot;
	at com.sun.mail.handlers.multipart_mixed.writeTo(multipart_mixed.java:105)
	at javax.activation.ObjectDataContentHandler.writeTo(DataHandler.java:889)
	at javax.activation.DataHandler.writeTo(DataHandler.java:317)
	at javax.mail.internet.MimeBodyPart.writeTo(MimeBodyPart.java:1485)
	at javax.mail.internet.MimeBodyPart.writeTo(MimeBodyPart.java:865)
	at javax.mail.internet.MimeMultipart.writeTo(MimeMultipart.java:462)
	at com.sun.mail.handlers.multipart_mixed.writeTo(multipart_mixed.java:103)
	at javax.activation.ObjectDataContentHandler.writeTo(DataHandler.java:889)
	at javax.activation.DataHandler.writeTo(DataHandler.java:317)
	at javax.mail.internet.MimeBodyPart.writeTo(MimeBodyPart.java:1485)
	at javax.mail.internet.MimeMessage.writeTo(MimeMessage.java:1773)
	at com.sun.mail.smtp.SMTPTransport.sendMessage(SMTPTransport.java:1119)
	... 42 more
</error>
    <system-out>greenMail start!!
test1
greenMail stop!!
</system-out>
    <system-err>ก.พ. 21, 2558 9:39:42 ก่อนเที่ยง org.springframework.test.context.TestContextManager retrieveTestExecutionListeners
INFO: @TestExecutionListeners is not present for class [class com.pratz.email.service.MailServiceTest]: using defaults.
ก.พ. 21, 2558 9:39:42 ก่อนเที่ยง org.springframework.context.support.AbstractApplicationContext prepareRefresh
INFO: Refreshing org.springframework.context.support.GenericApplicationContext@edf4efb: startup date [Sat Feb 21 09:39:42 ICT 2015]; root of context hierarchy
ก.พ. 21, 2558 9:39:42 ก่อนเที่ยง org.springframework.beans.factory.xml.XmlBeanDefinitionReader loadBeanDefinitions
INFO: Loading XML bean definitions from URL [file:/D:/Workspaces/mail/email/target/classes/beans.xml]
ก.พ. 21, 2558 9:39:43 ก่อนเที่ยง org.springframework.beans.factory.support.DefaultListableBeanFactory preInstantiateSingletons
INFO: Pre-instantiating singletons in org.springframework.beans.factory.support.DefaultListableBeanFactory@1f36e637: defining beans [org.springframework.context.annotation.internalConfigurationAnnotationProcessor,org.springframework.context.annotation.internalAutowiredAnnotationProcessor,org.springframework.context.annotation.internalRequiredAnnotationProcessor,org.springframework.context.annotation.internalCommonAnnotationProcessor,mailConfig,mailService,org.springframework.context.annotation.ConfigurationClassPostProcessor$ImportAwareBeanPostProcessor#0,greenMail,javaMailSender,freemarkerConfiguration]; root of factory hierarchy
ก.พ. 21, 2558 9:39:43 ก่อนเที่ยง org.springframework.ui.freemarker.SpringTemplateLoader &lt;init&gt;
INFO: SpringTemplateLoader for FreeMarker: using resource loader [org.springframework.context.support.GenericApplicationContext@edf4efb: startup date [Sat Feb 21 09:39:42 ICT 2015]; root of context hierarchy] and template loader path [classpath*:template.ftl/]
SLF4J: Failed to load class &quot;org.slf4j.impl.StaticLoggerBinder&quot;.
SLF4J: Defaulting to no-operation (NOP) logger implementation
SLF4J: See http://www.slf4j.org/codes.html#StaticLoggerBinder for further details.
java.io.FileNotFoundException: Template &quot;template.ftl&quot; not found.
	at freemarker.template.Configuration.getTemplate(Configuration.java:742)
	at freemarker.template.Configuration.getTemplate(Configuration.java:681)
	at com.pratz.email.service.MailService.sendMail(MailService.java:56)
	at com.pratz.email.service.MailServiceTest.test1(MailServiceTest.java:44)
	at sun.reflect.NativeMethodAccessorImpl.invoke0(Native Method)
	at sun.reflect.NativeMethodAccessorImpl.invoke(NativeMethodAccessorImpl.java:62)
	at sun.reflect.DelegatingMethodAccessorImpl.invoke(DelegatingMethodAccessorImpl.java:43)
	at java.lang.reflect.Method.invoke(Method.java:483)
	at org.junit.runners.model.FrameworkMethod$1.runReflectiveCall(FrameworkMethod.java:47)
	at org.junit.internal.runners.model.ReflectiveCallable.run(ReflectiveCallable.java:12)
	at org.junit.runners.model.FrameworkMethod.invokeExplosively(FrameworkMethod.java:44)
	at org.junit.internal.runners.statements.InvokeMethod.evaluate(InvokeMethod.java:17)
	at org.junit.internal.runners.statements.RunBefores.evaluate(RunBefores.java:26)
	at org.springframework.test.context.junit4.statements.RunBeforeTestMethodCallbacks.evaluate(RunBeforeTestMethodCallbacks.java:74)
	at org.junit.internal.runners.statements.RunAfters.evaluate(RunAfters.java:27)
	at org.springframework.test.context.junit4.statements.RunAfterTestMethodCallbacks.evaluate(RunAfterTestMethodCallbacks.java:83)
	at org.springframework.test.context.junit4.statements.SpringRepeat.evaluate(SpringRepeat.java:72)
	at org.springframework.test.context.junit4.SpringJUnit4ClassRunner.runChild(SpringJUnit4ClassRunner.java:231)
	at org.junit.runners.BlockJUnit4ClassRunner.runChild(BlockJUnit4ClassRunner.java:50)
	at org.junit.runners.ParentRunner$3.run(ParentRunner.java:238)
	at org.junit.runners.ParentRunner$1.schedule(ParentRunner.java:63)
	at org.junit.runners.ParentRunner.runChildren(ParentRunner.java:236)
	at org.junit.runners.ParentRunner.access$000(ParentRunner.java:53)
	at org.junit.runners.ParentRunner$2.evaluate(ParentRunner.java:229)
	at org.junit.internal.runners.statements.RunBefores.evaluate(RunBefores.java:26)
	at org.springframework.test.context.junit4.statements.RunBeforeTestClassCallbacks.evaluate(RunBeforeTestClassCallbacks.java:61)
	at org.springframework.test.context.junit4.statements.RunAfterTestClassCallbacks.evaluate(RunAfterTestClassCallbacks.java:71)
	at org.junit.runners.ParentRunner.run(ParentRunner.java:309)
	at org.springframework.test.context.junit4.SpringJUnit4ClassRunner.run(SpringJUnit4ClassRunner.java:174)
	at org.apache.maven.surefire.junit4.JUnit4Provider.execute(JUnit4Provider.java:252)
	at org.apache.maven.surefire.junit4.JUnit4Provider.executeTestSet(JUnit4Provider.java:141)
	at org.apache.maven.surefire.junit4.JUnit4Provider.invoke(JUnit4Provider.java:112)
	at sun.reflect.NativeMethodAccessorImpl.invoke0(Native Method)
	at sun.reflect.NativeMethodAccessorImpl.invoke(NativeMethodAccessorImpl.java:62)
	at sun.reflect.DelegatingMethodAccessorImpl.invoke(DelegatingMethodAccessorImpl.java:43)
	at java.lang.reflect.Method.invoke(Method.java:483)
	at org.apache.maven.surefire.util.ReflectionUtils.invokeMethodWithArray(ReflectionUtils.java:189)
	at org.apache.maven.surefire.booter.ProviderFactory$ProviderProxy.invoke(ProviderFactory.java:165)
	at org.apache.maven.surefire.booter.ProviderFactory.invokeProvider(ProviderFactory.java:85)
	at org.apache.maven.surefire.booter.ForkedBooter.runSuitesInProcess(ForkedBooter.java:115)
	at org.apache.maven.surefire.booter.ForkedBooter.main(ForkedBooter.java:75)
Exception in thread &quot;Thread-4&quot; java.lang.RuntimeException: java.io.EOFException: Did not receive &lt;CRLF&gt;.&lt;CRLF&gt;
	at com.icegreen.greenmail.smtp.SmtpHandler.run(SmtpHandler.java:58)
	at com.icegreen.greenmail.server.AbstractServer$1.run(AbstractServer.java:103)
	at java.lang.Thread.run(Thread.java:745)
Caused by: java.io.EOFException: Did not receive &lt;CRLF&gt;.&lt;CRLF&gt;
	at com.icegreen.greenmail.mail.MovingMessage.readDotTerminatedContent(MovingMessage.java:107)
	at com.icegreen.greenmail.smtp.commands.DataCommand.execute(DataCommand.java:53)
	at com.icegreen.greenmail.smtp.SmtpHandler.handleCommand(SmtpHandler.java:97)
	at com.icegreen.greenmail.smtp.SmtpHandler.run(SmtpHandler.java:51)
	... 2 more
</system-err>
  </testcase>
  <testcase classname="com.pratz.email.service.MailServiceTest" name="test2" time="0.01"/>
  <testcase classname="com.pratz.email.service.MailServiceTest" name="test3" time="0.01"/>
</testsuite>